2020-03-16 15:41:08,476 [][] [main] INFO  o.n.n.NounServiceApplication - Starting NounServiceApplication on LQDEV073 with PID 11028 (E:\workspace\springboot-learning\noun-service\target\classes started by GAOXU in E:\workspace\springboot-learning\noun-service) 
2020-03-16 15:41:08,481 [][] [main] INFO  o.n.n.NounServiceApplication - No active profile set, falling back to default profiles: default 
2020-03-16 15:41:10,997 [][] [main] WARN  o.m.s.mapper.ClassPathMapperScanner - No MyBatis mapper was found in '[org.nounsys.nounservice]' package. Please check your configuration. 
2020-03-16 15:41:11,835 [][] [main] INFO  o.s.b.w.e.tomcat.TomcatWebServer - Tomcat initialized with port(s): 8080 (http) 
2020-03-16 15:41:11,853 [][] [main] INFO  o.a.catalina.core.StandardService - Starting service [Tomcat] 
2020-03-16 15:41:11,854 [][] [main] INFO  o.a.catalina.core.StandardEngine - Starting Servlet engine: [Apache Tomcat/9.0.31] 
2020-03-16 15:41:12,121 [][] [main] INFO  o.a.c.c.C.[Tomcat].[localhost].[/] - Initializing Spring embedded WebApplicationContext 
2020-03-16 15:41:12,121 [][] [main] INFO  o.s.web.context.ContextLoader - Root WebApplicationContext: initialization completed in 3486 ms 
2020-03-16 15:41:12,912 [][] [main] INFO  s.d.s.w.PropertySourcedRequestMappingHandlerMapping - Mapped URL path [/v2/api-docs] onto method [springfox.documentation.swagger2.web.Swagger2Controller#getDocumentation(String, HttpServletRequest)] 
2020-03-16 15:41:13,141 [][] [main] INFO  o.s.s.c.ThreadPoolTaskExecutor - Initializing ExecutorService 'applicationTaskExecutor' 
2020-03-16 15:41:13,410 [][] [main] WARN  o.s.b.w.s.c.AnnotationConfigServletWebServerApplicationContext - Exception encountered during context initialization - cancelling refresh attempt: org.springframework.beans.factory.BeanCreationException: Error creating bean with name 'dataSource' defined in class path resource [org/springframework/boot/autoconfigure/jdbc/DataSourceConfiguration$Hikari.class]: Bean instantiation via factory method failed; nested exception is org.springframework.beans.BeanInstantiationException: Failed to instantiate [com.zaxxer.hikari.HikariDataSource]: Factory method 'dataSource' threw exception; nested exception is org.springframework.boot.autoconfigure.jdbc.DataSourceProperties$DataSourceBeanCreationException: Failed to determine a suitable driver class 
2020-03-16 15:41:13,412 [][] [main] INFO  o.s.s.c.ThreadPoolTaskExecutor - Shutting down ExecutorService 'applicationTaskExecutor' 
2020-03-16 15:41:13,420 [][] [main] INFO  o.a.catalina.core.StandardService - Stopping service [Tomcat] 
2020-03-16 15:41:13,450 [][] [main] INFO  o.s.b.a.l.ConditionEvaluationReportLoggingListener - 

Error starting ApplicationContext. To display the conditions report re-run your application with 'debug' enabled. 
2020-03-16 15:41:13,462 [][] [main] ERROR o.s.b.d.LoggingFailureAnalysisReporter - 

***************************
APPLICATION FAILED TO START
***************************

Description:

Failed to configure a DataSource: 'url' attribute is not specified and no embedded datasource could be configured.

Reason: Failed to determine a suitable driver class


Action:

Consider the following:
	If you want an embedded database (H2, HSQL or Derby), please put it on the classpath.
	If you have database settings to be loaded from a particular profile you may need to activate it (no profiles are currently active).
 
2020-03-16 16:18:04,569 [][] [main] INFO  o.n.n.NounServiceApplication - Starting NounServiceApplication on LQDEV073 with PID 15900 (E:\workspace\springboot-learning\noun-service\target\classes started by GAOXU in E:\workspace\springboot-learning\noun-service) 
2020-03-16 16:18:04,573 [][] [main] INFO  o.n.n.NounServiceApplication - No active profile set, falling back to default profiles: default 
2020-03-16 16:18:05,942 [][] [main] WARN  o.s.b.w.s.c.AnnotationConfigServletWebServerApplicationContext - Exception encountered during context initialization - cancelling refresh attempt: org.springframework.beans.factory.support.BeanDefinitionOverrideException: Invalid bean definition with name 'mysqlTransactionManager' defined in class path resource [org/nounsys/nounservice/config/datasource/MysqlContractDataSourceConfig.class]: Cannot register bean definition [Root bean: class [null]; scope=; abstract=false; lazyInit=null; autowireMode=3; dependencyCheck=0; autowireCandidate=true; primary=true; factoryBeanName=mysqlContractDataSourceConfig; factoryMethodName=mysqlTransactionManager; initMethodName=null; destroyMethodName=(inferred); defined in class path resource [org/nounsys/nounservice/config/datasource/MysqlContractDataSourceConfig.class]] for bean 'mysqlTransactionManager': There is already [Root bean: class [null]; scope=; abstract=false; lazyInit=null; autowireMode=3; dependencyCheck=0; autowireCandidate=true; primary=true; factoryBeanName=mysqlAccountDataSourceConfig; factoryMethodName=mysqlTransactionManager; initMethodName=null; destroyMethodName=(inferred); defined in class path resource [org/nounsys/nounservice/config/datasource/MysqlAccountDataSourceConfig.class]] bound. 
2020-03-16 16:18:05,966 [][] [main] INFO  o.s.b.a.l.ConditionEvaluationReportLoggingListener - 

Error starting ApplicationContext. To display the conditions report re-run your application with 'debug' enabled. 
2020-03-16 16:18:05,978 [][] [main] ERROR o.s.b.d.LoggingFailureAnalysisReporter - 

***************************
APPLICATION FAILED TO START
***************************

Description:

The bean 'mysqlTransactionManager', defined in class path resource [org/nounsys/nounservice/config/datasource/MysqlContractDataSourceConfig.class], could not be registered. A bean with that name has already been defined in class path resource [org/nounsys/nounservice/config/datasource/MysqlAccountDataSourceConfig.class] and overriding is disabled.

Action:

Consider renaming one of the beans or enabling overriding by setting spring.main.allow-bean-definition-overriding=true
 
2020-03-16 16:22:09,735 [][] [main] INFO  o.n.n.NounServiceApplication - Starting NounServiceApplication on LQDEV073 with PID 4156 (E:\workspace\springboot-learning\noun-service\target\classes started by GAOXU in E:\workspace\springboot-learning\noun-service) 
2020-03-16 16:22:09,742 [][] [main] INFO  o.n.n.NounServiceApplication - No active profile set, falling back to default profiles: default 
2020-03-16 16:22:11,749 [][] [main] WARN  o.s.b.w.s.c.AnnotationConfigServletWebServerApplicationContext - Exception encountered during context initialization - cancelling refresh attempt: org.springframework.beans.factory.support.BeanDefinitionOverrideException: Invalid bean definition with name 'mysqlTransactionManager' defined in class path resource [org/nounsys/nounservice/config/datasource/MysqlContractDataSourceConfig.class]: Cannot register bean definition [Root bean: class [null]; scope=; abstract=false; lazyInit=null; autowireMode=3; dependencyCheck=0; autowireCandidate=true; primary=true; factoryBeanName=mysqlContractDataSourceConfig; factoryMethodName=mysqlTransactionManager; initMethodName=null; destroyMethodName=(inferred); defined in class path resource [org/nounsys/nounservice/config/datasource/MysqlContractDataSourceConfig.class]] for bean 'mysqlTransactionManager': There is already [Root bean: class [null]; scope=; abstract=false; lazyInit=null; autowireMode=3; dependencyCheck=0; autowireCandidate=true; primary=true; factoryBeanName=mysqlAccountDataSourceConfig; factoryMethodName=mysqlTransactionManager; initMethodName=null; destroyMethodName=(inferred); defined in class path resource [org/nounsys/nounservice/config/datasource/MysqlAccountDataSourceConfig.class]] bound. 
2020-03-16 16:22:11,762 [][] [main] INFO  o.s.b.a.l.ConditionEvaluationReportLoggingListener - 

Error starting ApplicationContext. To display the conditions report re-run your application with 'debug' enabled. 
2020-03-16 16:22:11,770 [][] [main] ERROR o.s.b.d.LoggingFailureAnalysisReporter - 

***************************
APPLICATION FAILED TO START
***************************

Description:

The bean 'mysqlTransactionManager', defined in class path resource [org/nounsys/nounservice/config/datasource/MysqlContractDataSourceConfig.class], could not be registered. A bean with that name has already been defined in class path resource [org/nounsys/nounservice/config/datasource/MysqlAccountDataSourceConfig.class] and overriding is disabled.

Action:

Consider renaming one of the beans or enabling overriding by setting spring.main.allow-bean-definition-overriding=true
 
2020-03-16 16:33:07,678 [][] [main] INFO  o.n.n.NounServiceApplication - Starting NounServiceApplication on LQDEV073 with PID 15808 (E:\workspace\springboot-learning\noun-service\target\classes started by GAOXU in E:\workspace\springboot-learning\noun-service) 
2020-03-16 16:33:07,682 [][] [main] INFO  o.n.n.NounServiceApplication - No active profile set, falling back to default profiles: default 
2020-03-16 16:33:09,069 [][] [main] WARN  o.s.b.w.s.c.AnnotationConfigServletWebServerApplicationContext - Exception encountered during context initialization - cancelling refresh attempt: org.springframework.beans.factory.support.BeanDefinitionOverrideException: Invalid bean definition with name 'mysqlTransactionManager' defined in class path resource [org/nounsys/nounservice/config/datasource/MysqlContractDataSourceConfig.class]: Cannot register bean definition [Root bean: class [null]; scope=; abstract=false; lazyInit=null; autowireMode=3; dependencyCheck=0; autowireCandidate=true; primary=true; factoryBeanName=mysqlContractDataSourceConfig; factoryMethodName=mysqlTransactionManager; initMethodName=null; destroyMethodName=(inferred); defined in class path resource [org/nounsys/nounservice/config/datasource/MysqlContractDataSourceConfig.class]] for bean 'mysqlTransactionManager': There is already [Root bean: class [null]; scope=; abstract=false; lazyInit=null; autowireMode=3; dependencyCheck=0; autowireCandidate=true; primary=true; factoryBeanName=mysqlAccountDataSourceConfig; factoryMethodName=mysqlTransactionManager; initMethodName=null; destroyMethodName=(inferred); defined in class path resource [org/nounsys/nounservice/config/datasource/MysqlAccountDataSourceConfig.class]] bound. 
2020-03-16 16:33:09,094 [][] [main] INFO  o.s.b.a.l.ConditionEvaluationReportLoggingListener - 

Error starting ApplicationContext. To display the conditions report re-run your application with 'debug' enabled. 
2020-03-16 16:33:09,100 [][] [main] ERROR o.s.b.d.LoggingFailureAnalysisReporter - 

***************************
APPLICATION FAILED TO START
***************************

Description:

The bean 'mysqlTransactionManager', defined in class path resource [org/nounsys/nounservice/config/datasource/MysqlContractDataSourceConfig.class], could not be registered. A bean with that name has already been defined in class path resource [org/nounsys/nounservice/config/datasource/MysqlAccountDataSourceConfig.class] and overriding is disabled.

Action:

Consider renaming one of the beans or enabling overriding by setting spring.main.allow-bean-definition-overriding=true
 
2020-03-16 16:34:34,120 [][] [main] INFO  o.n.n.NounServiceApplication - Starting NounServiceApplication on LQDEV073 with PID 19716 (E:\workspace\springboot-learning\noun-service\target\classes started by GAOXU in E:\workspace\springboot-learning\noun-service) 
2020-03-16 16:34:34,127 [][] [main] INFO  o.n.n.NounServiceApplication - No active profile set, falling back to default profiles: default 
2020-03-16 16:34:36,443 [][] [main] WARN  o.m.s.mapper.ClassPathMapperScanner - Skipping MapperFactoryBean with name 'enterpriseMapper' and 'org.nounsys.nounservice.datasource.account.mapper.EnterpriseMapper' mapperInterface. Bean already defined with the same name! 
2020-03-16 16:34:36,444 [][] [main] WARN  o.m.s.mapper.ClassPathMapperScanner - Skipping MapperFactoryBean with name 'enterpriseVerificationMapper' and 'org.nounsys.nounservice.datasource.account.mapper.EnterpriseVerificationMapper' mapperInterface. Bean already defined with the same name! 
2020-03-16 16:34:36,444 [][] [main] WARN  o.m.s.mapper.ClassPathMapperScanner - Skipping MapperFactoryBean with name 'userInfoMapper' and 'org.nounsys.nounservice.datasource.account.mapper.UserInfoMapper' mapperInterface. Bean already defined with the same name! 
2020-03-16 16:34:36,445 [][] [main] WARN  o.m.s.mapper.ClassPathMapperScanner - Skipping MapperFactoryBean with name 'userMapper' and 'org.nounsys.nounservice.datasource.account.mapper.UserMapper' mapperInterface. Bean already defined with the same name! 
2020-03-16 16:34:36,446 [][] [main] WARN  o.m.s.mapper.ClassPathMapperScanner - No MyBatis mapper was found in '[org.nounsys.nounservice.datasource.account.mapper]' package. Please check your configuration. 
2020-03-16 16:34:37,258 [][] [main] INFO  o.s.b.w.e.tomcat.TomcatWebServer - Tomcat initialized with port(s): 8080 (http) 
2020-03-16 16:34:37,272 [][] [main] INFO  o.a.catalina.core.StandardService - Starting service [Tomcat] 
2020-03-16 16:34:37,272 [][] [main] INFO  o.a.catalina.core.StandardEngine - Starting Servlet engine: [Apache Tomcat/9.0.31] 
2020-03-16 16:34:37,436 [][] [main] INFO  o.a.c.c.C.[Tomcat].[localhost].[/] - Initializing Spring embedded WebApplicationContext 
2020-03-16 16:34:37,436 [][] [main] INFO  o.s.web.context.ContextLoader - Root WebApplicationContext: initialization completed in 3140 ms 
2020-03-16 16:34:38,439 [][] [main] WARN  o.s.b.w.s.c.AnnotationConfigServletWebServerApplicationContext - Exception encountered during context initialization - cancelling refresh attempt: org.springframework.beans.factory.BeanCreationException: Error creating bean with name 'ContractSqlSessionTemplate' defined in class path resource [org/nounsys/nounservice/config/datasource/MysqlContractDataSourceConfig.class]: Bean instantiation via factory method failed; nested exception is org.springframework.beans.BeanInstantiationException: Failed to instantiate [org.apache.ibatis.session.SqlSessionFactory]: Factory method 'devSqlSessionFactory' threw exception; nested exception is java.io.FileNotFoundException: class path resource [mapper/contract/] cannot be resolved to URL because it does not exist 
2020-03-16 16:34:38,446 [][] [main] INFO  o.a.catalina.core.StandardService - Stopping service [Tomcat] 
2020-03-16 16:34:38,461 [][] [main] INFO  o.s.b.a.l.ConditionEvaluationReportLoggingListener - 

Error starting ApplicationContext. To display the conditions report re-run your application with 'debug' enabled. 
2020-03-16 16:34:38,474 [][] [main] ERROR o.s.boot.SpringApplication - Application run failed 
org.springframework.beans.factory.BeanCreationException: Error creating bean with name 'ContractSqlSessionTemplate' defined in class path resource [org/nounsys/nounservice/config/datasource/MysqlContractDataSourceConfig.class]: Bean instantiation via factory method failed; nested exception is org.springframework.beans.BeanInstantiationException: Failed to instantiate [org.apache.ibatis.session.SqlSessionFactory]: Factory method 'devSqlSessionFactory' threw exception; nested exception is java.io.FileNotFoundException: class path resource [mapper/contract/] cannot be resolved to URL because it does not exist
	at org.springframework.beans.factory.support.ConstructorResolver.instantiate(ConstructorResolver.java:656)
	at org.springframework.beans.factory.support.ConstructorResolver.instantiateUsingFactoryMethod(ConstructorResolver.java:636)
	at org.springframework.beans.factory.support.AbstractAutowireCapableBeanFactory.instantiateUsingFactoryMethod(AbstractAutowireCapableBeanFactory.java:1338)
	at org.springframework.beans.factory.support.AbstractAutowireCapableBeanFactory.createBeanInstance(AbstractAutowireCapableBeanFactory.java:1177)
	at org.springframework.beans.factory.support.AbstractAutowireCapableBeanFactory.doCreateBean(AbstractAutowireCapableBeanFactory.java:557)
	at org.springframework.beans.factory.support.AbstractAutowireCapableBeanFactory.createBean(AbstractAutowireCapableBeanFactory.java:517)
	at org.springframework.beans.factory.support.AbstractBeanFactory.lambda$doGetBean$0(AbstractBeanFactory.java:323)
	at org.springframework.beans.factory.support.DefaultSingletonBeanRegistry.getSingleton(DefaultSingletonBeanRegistry.java:222)
	at org.springframework.beans.factory.support.AbstractBeanFactory.doGetBean(AbstractBeanFactory.java:321)
	at org.springframework.beans.factory.support.AbstractBeanFactory.getBean(AbstractBeanFactory.java:202)
	at org.springframework.beans.factory.support.DefaultListableBeanFactory.preInstantiateSingletons(DefaultListableBeanFactory.java:879)
	at org.springframework.context.support.AbstractApplicationContext.finishBeanFactoryInitialization(AbstractApplicationContext.java:878)
	at org.springframework.context.support.AbstractApplicationContext.refresh(AbstractApplicationContext.java:550)
	at org.springframework.boot.web.servlet.context.ServletWebServerApplicationContext.refresh(ServletWebServerApplicationContext.java:141)
	at org.springframework.boot.SpringApplication.refresh(SpringApplication.java:747)
	at org.springframework.boot.SpringApplication.refreshContext(SpringApplication.java:397)
	at org.springframework.boot.SpringApplication.run(SpringApplication.java:315)
	at org.springframework.boot.SpringApplication.run(SpringApplication.java:1226)
	at org.springframework.boot.SpringApplication.run(SpringApplication.java:1215)
	at org.nounsys.nounservice.NounServiceApplication.main(NounServiceApplication.java:10)
Caused by: org.springframework.beans.BeanInstantiationException: Failed to instantiate [org.apache.ibatis.session.SqlSessionFactory]: Factory method 'devSqlSessionFactory' threw exception; nested exception is java.io.FileNotFoundException: class path resource [mapper/contract/] cannot be resolved to URL because it does not exist
	at org.springframework.beans.factory.support.SimpleInstantiationStrategy.instantiate(SimpleInstantiationStrategy.java:185)
	at org.springframework.beans.factory.support.ConstructorResolver.instantiate(ConstructorResolver.java:651)
	... 19 common frames omitted
Caused by: java.io.FileNotFoundException: class path resource [mapper/contract/] cannot be resolved to URL because it does not exist
	at org.springframework.core.io.ClassPathResource.getURL(ClassPathResource.java:195)
	at org.springframework.core.io.support.PathMatchingResourcePatternResolver.findPathMatchingResources(PathMatchingResourcePatternResolver.java:498)
	at org.springframework.core.io.support.PathMatchingResourcePatternResolver.getResources(PathMatchingResourcePatternResolver.java:298)
	at org.nounsys.nounservice.base.config.datasource.MysqlContractDataSourceConfig.devSqlSessionFactory(MysqlContractDataSourceConfig.java:51)
	at org.nounsys.nounservice.base.config.datasource.MysqlContractDataSourceConfig$$EnhancerBySpringCGLIB$$56cd3af7.CGLIB$devSqlSessionFactory$2(<generated>)
	at org.nounsys.nounservice.base.config.datasource.MysqlContractDataSourceConfig$$EnhancerBySpringCGLIB$$56cd3af7$$FastClassBySpringCGLIB$$95af34d4.invoke(<generated>)
	at org.springframework.cglib.proxy.MethodProxy.invokeSuper(MethodProxy.java:244)
	at org.springframework.context.annotation.ConfigurationClassEnhancer$BeanMethodInterceptor.intercept(ConfigurationClassEnhancer.java:331)
	at org.nounsys.nounservice.base.config.datasource.MysqlContractDataSourceConfig$$EnhancerBySpringCGLIB$$56cd3af7.devSqlSessionFactory(<generated>)
	at sun.reflect.NativeMethodAccessorImpl.invoke0(Native Method)
	at sun.reflect.NativeMethodAccessorImpl.invoke(NativeMethodAccessorImpl.java:62)
	at sun.reflect.DelegatingMethodAccessorImpl.invoke(DelegatingMethodAccessorImpl.java:43)
	at java.lang.reflect.Method.invoke(Method.java:498)
	at org.springframework.beans.factory.support.SimpleInstantiationStrategy.instantiate(SimpleInstantiationStrategy.java:154)
	... 20 common frames omitted
2020-03-16 16:36:04,664 [][] [main] INFO  o.n.n.NounServiceApplication - Starting NounServiceApplication on LQDEV073 with PID 8600 (E:\workspace\springboot-learning\noun-service\target\classes started by GAOXU in E:\workspace\springboot-learning\noun-service) 
2020-03-16 16:36:04,680 [][] [main] INFO  o.n.n.NounServiceApplication - No active profile set, falling back to default profiles: default 
2020-03-16 16:36:06,423 [][] [main] WARN  o.m.s.mapper.ClassPathMapperScanner - Skipping MapperFactoryBean with name 'enterpriseMapper' and 'org.nounsys.nounservice.datasource.account.mapper.EnterpriseMapper' mapperInterface. Bean already defined with the same name! 
2020-03-16 16:36:06,423 [][] [main] WARN  o.m.s.mapper.ClassPathMapperScanner - Skipping MapperFactoryBean with name 'enterpriseVerificationMapper' and 'org.nounsys.nounservice.datasource.account.mapper.EnterpriseVerificationMapper' mapperInterface. Bean already defined with the same name! 
2020-03-16 16:36:06,424 [][] [main] WARN  o.m.s.mapper.ClassPathMapperScanner - Skipping MapperFactoryBean with name 'userInfoMapper' and 'org.nounsys.nounservice.datasource.account.mapper.UserInfoMapper' mapperInterface. Bean already defined with the same name! 
2020-03-16 16:36:06,424 [][] [main] WARN  o.m.s.mapper.ClassPathMapperScanner - Skipping MapperFactoryBean with name 'userMapper' and 'org.nounsys.nounservice.datasource.account.mapper.UserMapper' mapperInterface. Bean already defined with the same name! 
2020-03-16 16:36:06,424 [][] [main] WARN  o.m.s.mapper.ClassPathMapperScanner - No MyBatis mapper was found in '[org.nounsys.nounservice.datasource.account.mapper]' package. Please check your configuration. 
2020-03-16 16:36:07,133 [][] [main] INFO  o.s.b.w.e.tomcat.TomcatWebServer - Tomcat initialized with port(s): 8080 (http) 
2020-03-16 16:36:07,148 [][] [main] INFO  o.a.catalina.core.StandardService - Starting service [Tomcat] 
2020-03-16 16:36:07,148 [][] [main] INFO  o.a.catalina.core.StandardEngine - Starting Servlet engine: [Apache Tomcat/9.0.31] 
2020-03-16 16:36:07,304 [][] [main] INFO  o.a.c.c.C.[Tomcat].[localhost].[/] - Initializing Spring embedded WebApplicationContext 
2020-03-16 16:36:07,304 [][] [main] INFO  o.s.web.context.ContextLoader - Root WebApplicationContext: initialization completed in 2197 ms 
2020-03-16 16:36:08,252 [][] [main] WARN  o.s.b.w.s.c.AnnotationConfigServletWebServerApplicationContext - Exception encountered during context initialization - cancelling refresh attempt: org.springframework.beans.factory.BeanCreationException: Error creating bean with name 'ContractSqlSessionTemplate' defined in class path resource [org/nounsys/nounservice/config/datasource/MysqlContractDataSourceConfig.class]: Bean instantiation via factory method failed; nested exception is org.springframework.beans.BeanInstantiationException: Failed to instantiate [org.apache.ibatis.session.SqlSessionFactory]: Factory method 'devSqlSessionFactory' threw exception; nested exception is java.io.FileNotFoundException: class path resource [mapper/contract/] cannot be resolved to URL because it does not exist 
2020-03-16 16:36:08,257 [][] [main] INFO  o.a.catalina.core.StandardService - Stopping service [Tomcat] 
2020-03-16 16:36:08,273 [][] [main] INFO  o.s.b.a.l.ConditionEvaluationReportLoggingListener - 

Error starting ApplicationContext. To display the conditions report re-run your application with 'debug' enabled. 
2020-03-16 16:36:08,284 [][] [main] ERROR o.s.boot.SpringApplication - Application run failed 
org.springframework.beans.factory.BeanCreationException: Error creating bean with name 'ContractSqlSessionTemplate' defined in class path resource [org/nounsys/nounservice/config/datasource/MysqlContractDataSourceConfig.class]: Bean instantiation via factory method failed; nested exception is org.springframework.beans.BeanInstantiationException: Failed to instantiate [org.apache.ibatis.session.SqlSessionFactory]: Factory method 'devSqlSessionFactory' threw exception; nested exception is java.io.FileNotFoundException: class path resource [mapper/contract/] cannot be resolved to URL because it does not exist
	at org.springframework.beans.factory.support.ConstructorResolver.instantiate(ConstructorResolver.java:656)
	at org.springframework.beans.factory.support.ConstructorResolver.instantiateUsingFactoryMethod(ConstructorResolver.java:636)
	at org.springframework.beans.factory.support.AbstractAutowireCapableBeanFactory.instantiateUsingFactoryMethod(AbstractAutowireCapableBeanFactory.java:1338)
	at org.springframework.beans.factory.support.AbstractAutowireCapableBeanFactory.createBeanInstance(AbstractAutowireCapableBeanFactory.java:1177)
	at org.springframework.beans.factory.support.AbstractAutowireCapableBeanFactory.doCreateBean(AbstractAutowireCapableBeanFactory.java:557)
	at org.springframework.beans.factory.support.AbstractAutowireCapableBeanFactory.createBean(AbstractAutowireCapableBeanFactory.java:517)
	at org.springframework.beans.factory.support.AbstractBeanFactory.lambda$doGetBean$0(AbstractBeanFactory.java:323)
	at org.springframework.beans.factory.support.DefaultSingletonBeanRegistry.getSingleton(DefaultSingletonBeanRegistry.java:222)
	at org.springframework.beans.factory.support.AbstractBeanFactory.doGetBean(AbstractBeanFactory.java:321)
	at org.springframework.beans.factory.support.AbstractBeanFactory.getBean(AbstractBeanFactory.java:202)
	at org.springframework.beans.factory.support.DefaultListableBeanFactory.preInstantiateSingletons(DefaultListableBeanFactory.java:879)
	at org.springframework.context.support.AbstractApplicationContext.finishBeanFactoryInitialization(AbstractApplicationContext.java:878)
	at org.springframework.context.support.AbstractApplicationContext.refresh(AbstractApplicationContext.java:550)
	at org.springframework.boot.web.servlet.context.ServletWebServerApplicationContext.refresh(ServletWebServerApplicationContext.java:141)
	at org.springframework.boot.SpringApplication.refresh(SpringApplication.java:747)
	at org.springframework.boot.SpringApplication.refreshContext(SpringApplication.java:397)
	at org.springframework.boot.SpringApplication.run(SpringApplication.java:315)
	at org.springframework.boot.SpringApplication.run(SpringApplication.java:1226)
	at org.springframework.boot.SpringApplication.run(SpringApplication.java:1215)
	at org.nounsys.nounservice.NounServiceApplication.main(NounServiceApplication.java:10)
Caused by: org.springframework.beans.BeanInstantiationException: Failed to instantiate [org.apache.ibatis.session.SqlSessionFactory]: Factory method 'devSqlSessionFactory' threw exception; nested exception is java.io.FileNotFoundException: class path resource [mapper/contract/] cannot be resolved to URL because it does not exist
	at org.springframework.beans.factory.support.SimpleInstantiationStrategy.instantiate(SimpleInstantiationStrategy.java:185)
	at org.springframework.beans.factory.support.ConstructorResolver.instantiate(ConstructorResolver.java:651)
	... 19 common frames omitted
Caused by: java.io.FileNotFoundException: class path resource [mapper/contract/] cannot be resolved to URL because it does not exist
	at org.springframework.core.io.ClassPathResource.getURL(ClassPathResource.java:195)
	at org.springframework.core.io.support.PathMatchingResourcePatternResolver.findPathMatchingResources(PathMatchingResourcePatternResolver.java:498)
	at org.springframework.core.io.support.PathMatchingResourcePatternResolver.getResources(PathMatchingResourcePatternResolver.java:298)
	at org.nounsys.nounservice.base.config.datasource.MysqlContractDataSourceConfig.devSqlSessionFactory(MysqlContractDataSourceConfig.java:51)
	at org.nounsys.nounservice.base.config.datasource.MysqlContractDataSourceConfig$$EnhancerBySpringCGLIB$$90020539.CGLIB$devSqlSessionFactory$1(<generated>)
	at org.nounsys.nounservice.base.config.datasource.MysqlContractDataSourceConfig$$EnhancerBySpringCGLIB$$90020539$$FastClassBySpringCGLIB$$9e04bd77.invoke(<generated>)
	at org.springframework.cglib.proxy.MethodProxy.invokeSuper(MethodProxy.java:244)
	at org.springframework.context.annotation.ConfigurationClassEnhancer$BeanMethodInterceptor.intercept(ConfigurationClassEnhancer.java:331)
	at org.nounsys.nounservice.base.config.datasource.MysqlContractDataSourceConfig$$EnhancerBySpringCGLIB$$90020539.devSqlSessionFactory(<generated>)
	at sun.reflect.NativeMethodAccessorImpl.invoke0(Native Method)
	at sun.reflect.NativeMethodAccessorImpl.invoke(NativeMethodAccessorImpl.java:62)
	at sun.reflect.DelegatingMethodAccessorImpl.invoke(DelegatingMethodAccessorImpl.java:43)
	at java.lang.reflect.Method.invoke(Method.java:498)
	at org.springframework.beans.factory.support.SimpleInstantiationStrategy.instantiate(SimpleInstantiationStrategy.java:154)
	... 20 common frames omitted
2020-03-16 16:37:32,318 [][] [main] INFO  o.n.n.NounServiceApplication - Starting NounServiceApplication on LQDEV073 with PID 10012 (E:\workspace\springboot-learning\noun-service\target\classes started by GAOXU in E:\workspace\springboot-learning\noun-service) 
2020-03-16 16:37:32,324 [][] [main] INFO  o.n.n.NounServiceApplication - No active profile set, falling back to default profiles: default 
2020-03-16 16:37:34,521 [][] [main] WARN  o.m.s.mapper.ClassPathMapperScanner - Skipping MapperFactoryBean with name 'enterpriseMapper' and 'org.nounsys.nounservice.datasource.account.mapper.EnterpriseMapper' mapperInterface. Bean already defined with the same name! 
2020-03-16 16:37:34,522 [][] [main] WARN  o.m.s.mapper.ClassPathMapperScanner - Skipping MapperFactoryBean with name 'enterpriseVerificationMapper' and 'org.nounsys.nounservice.datasource.account.mapper.EnterpriseVerificationMapper' mapperInterface. Bean already defined with the same name! 
2020-03-16 16:37:34,523 [][] [main] WARN  o.m.s.mapper.ClassPathMapperScanner - Skipping MapperFactoryBean with name 'userInfoMapper' and 'org.nounsys.nounservice.datasource.account.mapper.UserInfoMapper' mapperInterface. Bean already defined with the same name! 
2020-03-16 16:37:34,523 [][] [main] WARN  o.m.s.mapper.ClassPathMapperScanner - Skipping MapperFactoryBean with name 'userMapper' and 'org.nounsys.nounservice.datasource.account.mapper.UserMapper' mapperInterface. Bean already defined with the same name! 
2020-03-16 16:37:34,523 [][] [main] WARN  o.m.s.mapper.ClassPathMapperScanner - No MyBatis mapper was found in '[org.nounsys.nounservice.datasource.account.mapper]' package. Please check your configuration. 
2020-03-16 16:37:35,198 [][] [main] INFO  o.s.b.w.e.tomcat.TomcatWebServer - Tomcat initialized with port(s): 8080 (http) 
2020-03-16 16:37:35,213 [][] [main] INFO  o.a.catalina.core.StandardService - Starting service [Tomcat] 
2020-03-16 16:37:35,213 [][] [main] INFO  o.a.catalina.core.StandardEngine - Starting Servlet engine: [Apache Tomcat/9.0.31] 
2020-03-16 16:37:35,388 [][] [main] INFO  o.a.c.c.C.[Tomcat].[localhost].[/] - Initializing Spring embedded WebApplicationContext 
2020-03-16 16:37:35,388 [][] [main] INFO  o.s.web.context.ContextLoader - Root WebApplicationContext: initialization completed in 2662 ms 
2020-03-16 16:37:36,490 [][] [main] WARN  o.m.spring.SqlSessionFactoryBean - Property 'mapperLocations' was specified but matching resources are not found. 
2020-03-16 16:37:36,526 [][] [main] INFO  s.d.s.w.PropertySourcedRequestMappingHandlerMapping - Mapped URL path [/v2/api-docs] onto method [springfox.documentation.swagger2.web.Swagger2Controller#getDocumentation(String, HttpServletRequest)] 
2020-03-16 16:37:36,730 [][] [main] INFO  o.s.s.c.ThreadPoolTaskExecutor - Initializing ExecutorService 'applicationTaskExecutor' 
2020-03-16 16:37:37,005 [][] [main] WARN  o.s.b.w.s.c.AnnotationConfigServletWebServerApplicationContext - Exception encountered during context initialization - cancelling refresh attempt: org.springframework.beans.factory.UnsatisfiedDependencyException: Error creating bean with name 'sqlSessionTemplate' defined in class path resource [org/mybatis/spring/boot/autoconfigure/MybatisAutoConfiguration.class]: Unsatisfied dependency expressed through method 'sqlSessionTemplate' parameter 0; nested exception is org.springframework.beans.factory.NoUniqueBeanDefinitionException: No qualifying bean of type 'org.apache.ibatis.session.SqlSessionFactory' available: more than one 'primary' bean found among candidates: [AccountSqlSessionTemplate, ContractSqlSessionTemplate] 
2020-03-16 16:37:37,007 [][] [main] INFO  o.s.s.c.ThreadPoolTaskExecutor - Shutting down ExecutorService 'applicationTaskExecutor' 
2020-03-16 16:37:37,016 [][] [main] INFO  o.a.catalina.core.StandardService - Stopping service [Tomcat] 
2020-03-16 16:37:37,038 [][] [main] INFO  o.s.b.a.l.ConditionEvaluationReportLoggingListener - 

Error starting ApplicationContext. To display the conditions report re-run your application with 'debug' enabled. 
2020-03-16 16:37:37,055 [][] [main] ERROR o.s.boot.SpringApplication - Application run failed 
org.springframework.beans.factory.UnsatisfiedDependencyException: Error creating bean with name 'sqlSessionTemplate' defined in class path resource [org/mybatis/spring/boot/autoconfigure/MybatisAutoConfiguration.class]: Unsatisfied dependency expressed through method 'sqlSessionTemplate' parameter 0; nested exception is org.springframework.beans.factory.NoUniqueBeanDefinitionException: No qualifying bean of type 'org.apache.ibatis.session.SqlSessionFactory' available: more than one 'primary' bean found among candidates: [AccountSqlSessionTemplate, ContractSqlSessionTemplate]
	at org.springframework.beans.factory.support.ConstructorResolver.createArgumentArray(ConstructorResolver.java:798)
	at org.springframework.beans.factory.support.ConstructorResolver.instantiateUsingFactoryMethod(ConstructorResolver.java:539)
	at org.springframework.beans.factory.support.AbstractAutowireCapableBeanFactory.instantiateUsingFactoryMethod(AbstractAutowireCapableBeanFactory.java:1338)
	at org.springframework.beans.factory.support.AbstractAutowireCapableBeanFactory.createBeanInstance(AbstractAutowireCapableBeanFactory.java:1177)
	at org.springframework.beans.factory.support.AbstractAutowireCapableBeanFactory.doCreateBean(AbstractAutowireCapableBeanFactory.java:557)
	at org.springframework.beans.factory.support.AbstractAutowireCapableBeanFactory.createBean(AbstractAutowireCapableBeanFactory.java:517)
	at org.springframework.beans.factory.support.AbstractBeanFactory.lambda$doGetBean$0(AbstractBeanFactory.java:323)
	at org.springframework.beans.factory.support.DefaultSingletonBeanRegistry.getSingleton(DefaultSingletonBeanRegistry.java:222)
	at org.springframework.beans.factory.support.AbstractBeanFactory.doGetBean(AbstractBeanFactory.java:321)
	at org.springframework.beans.factory.support.AbstractBeanFactory.getBean(AbstractBeanFactory.java:202)
	at org.springframework.beans.factory.support.DefaultListableBeanFactory.preInstantiateSingletons(DefaultListableBeanFactory.java:879)
	at org.springframework.context.support.AbstractApplicationContext.finishBeanFactoryInitialization(AbstractApplicationContext.java:878)
	at org.springframework.context.support.AbstractApplicationContext.refresh(AbstractApplicationContext.java:550)
	at org.springframework.boot.web.servlet.context.ServletWebServerApplicationContext.refresh(ServletWebServerApplicationContext.java:141)
	at org.springframework.boot.SpringApplication.refresh(SpringApplication.java:747)
	at org.springframework.boot.SpringApplication.refreshContext(SpringApplication.java:397)
	at org.springframework.boot.SpringApplication.run(SpringApplication.java:315)
	at org.springframework.boot.SpringApplication.run(SpringApplication.java:1226)
	at org.springframework.boot.SpringApplication.run(SpringApplication.java:1215)
	at org.nounsys.nounservice.NounServiceApplication.main(NounServiceApplication.java:10)
Caused by: org.springframework.beans.factory.NoUniqueBeanDefinitionException: No qualifying bean of type 'org.apache.ibatis.session.SqlSessionFactory' available: more than one 'primary' bean found among candidates: [AccountSqlSessionTemplate, ContractSqlSessionTemplate]
	at org.springframework.beans.factory.support.DefaultListableBeanFactory.determinePrimaryCandidate(DefaultListableBeanFactory.java:1569)
	at org.springframework.beans.factory.support.DefaultListableBeanFactory.determineAutowireCandidate(DefaultListableBeanFactory.java:1529)
	at org.springframework.beans.factory.support.DefaultListableBeanFactory.doResolveDependency(DefaultListableBeanFactory.java:1262)
	at org.springframework.beans.factory.support.DefaultListableBeanFactory.resolveDependency(DefaultListableBeanFactory.java:1207)
	at org.springframework.beans.factory.support.ConstructorResolver.resolveAutowiredArgument(ConstructorResolver.java:885)
	at org.springframework.beans.factory.support.ConstructorResolver.createArgumentArray(ConstructorResolver.java:789)
	... 19 common frames omitted
2020-03-16 18:03:20,583 [][] [main] INFO  o.n.n.NounServiceApplication - Starting NounServiceApplication on LQDEV073 with PID 15848 (E:\workspace\springboot-learning\noun-service\target\classes started by GAOXU in E:\workspace\springboot-learning\noun-service) 
2020-03-16 18:03:20,592 [][] [main] INFO  o.n.n.NounServiceApplication - No active profile set, falling back to default profiles: default 
2020-03-16 18:03:22,947 [][] [main] WARN  o.m.s.mapper.ClassPathMapperScanner - Skipping MapperFactoryBean with name 'enterpriseMapper' and 'org.nounsys.nounservice.datasource.account.mapper.EnterpriseMapper' mapperInterface. Bean already defined with the same name! 
2020-03-16 18:03:22,948 [][] [main] WARN  o.m.s.mapper.ClassPathMapperScanner - Skipping MapperFactoryBean with name 'enterpriseVerificationMapper' and 'org.nounsys.nounservice.datasource.account.mapper.EnterpriseVerificationMapper' mapperInterface. Bean already defined with the same name! 
2020-03-16 18:03:22,949 [][] [main] WARN  o.m.s.mapper.ClassPathMapperScanner - Skipping MapperFactoryBean with name 'userInfoMapper' and 'org.nounsys.nounservice.datasource.account.mapper.UserInfoMapper' mapperInterface. Bean already defined with the same name! 
2020-03-16 18:03:22,949 [][] [main] WARN  o.m.s.mapper.ClassPathMapperScanner - Skipping MapperFactoryBean with name 'userMapper' and 'org.nounsys.nounservice.datasource.account.mapper.UserMapper' mapperInterface. Bean already defined with the same name! 
2020-03-16 18:03:22,950 [][] [main] WARN  o.m.s.mapper.ClassPathMapperScanner - No MyBatis mapper was found in '[org.nounsys.nounservice.datasource.account.mapper]' package. Please check your configuration. 
2020-03-16 18:03:23,680 [][] [main] INFO  o.s.b.w.e.tomcat.TomcatWebServer - Tomcat initialized with port(s): 8080 (http) 
2020-03-16 18:03:23,698 [][] [main] INFO  o.a.catalina.core.StandardService - Starting service [Tomcat] 
2020-03-16 18:03:23,698 [][] [main] INFO  o.a.catalina.core.StandardEngine - Starting Servlet engine: [Apache Tomcat/9.0.31] 
2020-03-16 18:03:23,876 [][] [main] INFO  o.a.c.c.C.[Tomcat].[localhost].[/] - Initializing Spring embedded WebApplicationContext 
2020-03-16 18:03:23,876 [][] [main] INFO  o.s.web.context.ContextLoader - Root WebApplicationContext: initialization completed in 3176 ms 
2020-03-16 18:03:24,983 [][] [main] WARN  o.m.spring.SqlSessionFactoryBean - Property 'mapperLocations' was specified but matching resources are not found. 
2020-03-16 18:03:25,006 [][] [main] INFO  s.d.s.w.PropertySourcedRequestMappingHandlerMapping - Mapped URL path [/v2/api-docs] onto method [springfox.documentation.swagger2.web.Swagger2Controller#getDocumentation(String, HttpServletRequest)] 
2020-03-16 18:03:25,131 [][] [main] INFO  o.s.s.c.ThreadPoolTaskExecutor - Initializing ExecutorService 'applicationTaskExecutor' 
2020-03-16 18:03:25,401 [][] [main] INFO  s.d.s.w.p.DocumentationPluginsBootstrapper - Context refreshed 
2020-03-16 18:03:25,437 [][] [main] INFO  s.d.s.w.p.DocumentationPluginsBootstrapper - Found 1 custom documentation plugin(s) 
2020-03-16 18:03:25,493 [][] [main] INFO  s.d.s.w.s.ApiListingReferenceScanner - Scanning for api listing references 
2020-03-16 18:03:25,563 [][] [main] INFO  o.s.b.w.e.tomcat.TomcatWebServer - Tomcat started on port(s): 8080 (http) with context path '' 
2020-03-16 18:03:25,568 [][] [main] INFO  o.n.n.NounServiceApplication - Started NounServiceApplication in 5.963 seconds (JVM running for 8.421) 
2020-03-16 21:04:38,636 [][] [main] INFO  o.n.n.NounServiceApplication - Starting NounServiceApplication on Gao-Mac.local with PID 1037 (/Users/gaoxu/person_workspace/springboot-learning/noun-service/target/classes started by gaoxu in /Users/gaoxu/person_workspace/springboot-learning/noun-service) 
2020-03-16 21:04:38,640 [][] [main] INFO  o.n.n.NounServiceApplication - No active profile set, falling back to default profiles: default 
2020-03-16 21:04:39,643 [][] [main] WARN  o.m.s.mapper.ClassPathMapperScanner - Skipping MapperFactoryBean with name 'enterpriseMapper' and 'org.nounsys.nounservice.datasource.account.mapper.EnterpriseMapper' mapperInterface. Bean already defined with the same name! 
2020-03-16 21:04:39,643 [][] [main] WARN  o.m.s.mapper.ClassPathMapperScanner - Skipping MapperFactoryBean with name 'enterpriseVerificationMapper' and 'org.nounsys.nounservice.datasource.account.mapper.EnterpriseVerificationMapper' mapperInterface. Bean already defined with the same name! 
2020-03-16 21:04:39,644 [][] [main] WARN  o.m.s.mapper.ClassPathMapperScanner - Skipping MapperFactoryBean with name 'userInfoMapper' and 'org.nounsys.nounservice.datasource.account.mapper.UserInfoMapper' mapperInterface. Bean already defined with the same name! 
2020-03-16 21:04:39,644 [][] [main] WARN  o.m.s.mapper.ClassPathMapperScanner - Skipping MapperFactoryBean with name 'userMapper' and 'org.nounsys.nounservice.datasource.account.mapper.UserMapper' mapperInterface. Bean already defined with the same name! 
2020-03-16 21:04:39,644 [][] [main] WARN  o.m.s.mapper.ClassPathMapperScanner - No MyBatis mapper was found in '[org.nounsys.nounservice.datasource.account.mapper]' package. Please check your configuration. 
2020-03-16 21:04:40,160 [][] [main] INFO  o.s.b.w.e.tomcat.TomcatWebServer - Tomcat initialized with port(s): 8080 (http) 
2020-03-16 21:04:40,174 [][] [main] INFO  o.a.catalina.core.StandardService - Starting service [Tomcat] 
2020-03-16 21:04:40,174 [][] [main] INFO  o.a.catalina.core.StandardEngine - Starting Servlet engine: [Apache Tomcat/9.0.31] 
2020-03-16 21:04:40,288 [][] [main] INFO  o.a.c.c.C.[Tomcat].[localhost].[/] - Initializing Spring embedded WebApplicationContext 
2020-03-16 21:04:40,288 [][] [main] INFO  o.s.web.context.ContextLoader - Root WebApplicationContext: initialization completed in 1580 ms 
2020-03-16 21:04:41,106 [][] [main] INFO  s.d.s.w.PropertySourcedRequestMappingHandlerMapping - Mapped URL path [/v2/api-docs] onto method [springfox.documentation.swagger2.web.Swagger2Controller#getDocumentation(String, HttpServletRequest)] 
2020-03-16 21:04:41,210 [][] [main] INFO  o.s.s.c.ThreadPoolTaskExecutor - Initializing ExecutorService 'applicationTaskExecutor' 
2020-03-16 21:04:41,405 [][] [main] INFO  s.d.s.w.p.DocumentationPluginsBootstrapper - Context refreshed 
2020-03-16 21:04:41,434 [][] [main] INFO  s.d.s.w.p.DocumentationPluginsBootstrapper - Found 1 custom documentation plugin(s) 
2020-03-16 21:04:41,471 [][] [main] INFO  s.d.s.w.s.ApiListingReferenceScanner - Scanning for api listing references 
2020-03-16 21:04:41,530 [][] [main] INFO  o.s.b.w.e.tomcat.TomcatWebServer - Tomcat started on port(s): 8080 (http) with context path '' 
2020-03-16 21:04:41,536 [][] [main] INFO  o.n.n.NounServiceApplication - Started NounServiceApplication in 3.463 seconds (JVM running for 6.14) 
2020-03-16 21:06:06,474 [][] [http-nio-8080-exec-1] INFO  o.a.c.c.C.[Tomcat].[localhost].[/] - Initializing Spring DispatcherServlet 'dispatcherServlet' 
2020-03-16 21:06:06,474 [][] [http-nio-8080-exec-1] INFO  o.s.web.servlet.DispatcherServlet - Initializing Servlet 'dispatcherServlet' 
2020-03-16 21:06:06,481 [][] [http-nio-8080-exec-1] INFO  o.s.web.servlet.DispatcherServlet - Completed initialization in 7 ms 
2020-03-16 21:06:36,512 [][] [SpringContextShutdownHook] INFO  o.s.s.c.ThreadPoolTaskExecutor - Shutting down ExecutorService 'applicationTaskExecutor' 
2020-03-16 21:06:43,385 [][] [main] INFO  o.n.n.NounServiceApplication - Starting NounServiceApplication on Gao-Mac.local with PID 1172 (/Users/gaoxu/person_workspace/springboot-learning/noun-service/target/classes started by gaoxu in /Users/gaoxu/person_workspace/springboot-learning/noun-service) 
2020-03-16 21:06:43,389 [][] [main] INFO  o.n.n.NounServiceApplication - No active profile set, falling back to default profiles: default 
2020-03-16 21:06:44,252 [][] [main] WARN  o.m.s.mapper.ClassPathMapperScanner - Skipping MapperFactoryBean with name 'enterpriseMapper' and 'org.nounsys.nounservice.datasource.account.mapper.EnterpriseMapper' mapperInterface. Bean already defined with the same name! 
2020-03-16 21:06:44,253 [][] [main] WARN  o.m.s.mapper.ClassPathMapperScanner - Skipping MapperFactoryBean with name 'enterpriseVerificationMapper' and 'org.nounsys.nounservice.datasource.account.mapper.EnterpriseVerificationMapper' mapperInterface. Bean already defined with the same name! 
2020-03-16 21:06:44,253 [][] [main] WARN  o.m.s.mapper.ClassPathMapperScanner - Skipping MapperFactoryBean with name 'userInfoMapper' and 'org.nounsys.nounservice.datasource.account.mapper.UserInfoMapper' mapperInterface. Bean already defined with the same name! 
2020-03-16 21:06:44,253 [][] [main] WARN  o.m.s.mapper.ClassPathMapperScanner - Skipping MapperFactoryBean with name 'userMapper' and 'org.nounsys.nounservice.datasource.account.mapper.UserMapper' mapperInterface. Bean already defined with the same name! 
2020-03-16 21:06:44,253 [][] [main] WARN  o.m.s.mapper.ClassPathMapperScanner - No MyBatis mapper was found in '[org.nounsys.nounservice.datasource.account.mapper]' package. Please check your configuration. 
2020-03-16 21:06:44,633 [][] [main] INFO  o.s.b.w.e.tomcat.TomcatWebServer - Tomcat initialized with port(s): 8080 (http) 
2020-03-16 21:06:44,641 [][] [main] INFO  o.a.catalina.core.StandardService - Starting service [Tomcat] 
2020-03-16 21:06:44,642 [][] [main] INFO  o.a.catalina.core.StandardEngine - Starting Servlet engine: [Apache Tomcat/9.0.31] 
2020-03-16 21:06:44,713 [][] [main] INFO  o.a.c.c.C.[Tomcat].[localhost].[/] - Initializing Spring embedded WebApplicationContext 
2020-03-16 21:06:44,714 [][] [main] INFO  o.s.web.context.ContextLoader - Root WebApplicationContext: initialization completed in 1250 ms 
2020-03-16 21:06:45,342 [][] [main] INFO  s.d.s.w.PropertySourcedRequestMappingHandlerMapping - Mapped URL path [/v2/api-docs] onto method [springfox.documentation.swagger2.web.Swagger2Controller#getDocumentation(String, HttpServletRequest)] 
2020-03-16 21:06:45,510 [][] [main] INFO  o.s.s.c.ThreadPoolTaskExecutor - Initializing ExecutorService 'applicationTaskExecutor' 
2020-03-16 21:06:45,849 [][] [main] INFO  s.d.s.w.p.DocumentationPluginsBootstrapper - Context refreshed 
2020-03-16 21:06:45,865 [][] [main] INFO  s.d.s.w.p.DocumentationPluginsBootstrapper - Found 1 custom documentation plugin(s) 
2020-03-16 21:06:45,894 [][] [main] INFO  s.d.s.w.s.ApiListingReferenceScanner - Scanning for api listing references 
2020-03-16 21:06:46,075 [][] [main] INFO  o.s.b.w.e.tomcat.TomcatWebServer - Tomcat started on port(s): 8080 (http) with context path '' 
2020-03-16 21:06:46,079 [][] [main] INFO  o.n.n.NounServiceApplication - Started NounServiceApplication in 3.268 seconds (JVM running for 4.522) 
2020-03-16 21:06:58,409 [][] [http-nio-8080-exec-1] INFO  o.a.c.c.C.[Tomcat].[localhost].[/] - Initializing Spring DispatcherServlet 'dispatcherServlet' 
2020-03-16 21:06:58,409 [][] [http-nio-8080-exec-1] INFO  o.s.web.servlet.DispatcherServlet - Initializing Servlet 'dispatcherServlet' 
2020-03-16 21:06:58,414 [][] [http-nio-8080-exec-1] INFO  o.s.web.servlet.DispatcherServlet - Completed initialization in 5 ms 
2020-03-16 21:36:50,675 [][] [SpringContextShutdownHook] INFO  o.s.s.c.ThreadPoolTaskExecutor - Shutting down ExecutorService 'applicationTaskExecutor' 
